<?xml version="1.0" encoding="UTF-8"?>
<!-- Generated by org.testng.reporters.JUnitReportReporter -->
<testsuite hostname="IN0622-D8HPZ33" failures="0" tests="2" name="BastSetup.setUp" time="122.492" errors="0" timestamp="2024-02-23T22:48:10 IST" skipped="0">
  <testcase classname="BastSetup.setUp" name="navigate_to_homepage_click_on_getstarted" time="122.490"/>
  <system-out/>
  <testcase classname="BastSetup.setUp" name="enter_userDetails" time="0.002"/>
  <system-out/>
</testsuite> <!-- BastSetup.setUp -->
